<?xml version="1.0" encoding="UTF-8"?>
<!-- Generated by org.testng.reporters.JUnitReportReporter -->
<testsuite skipped="0" hostname="LAPTOP-Q8UQAUDS" name="testNG.Sample11" tests="5" failures="0" timestamp="2022-08-04T21:28:37 IST" time="0.045" errors="0">
  <testcase name="test1" time="0.029" classname="testNG.Sample11"/>
  <system-out>
Test 1 is pass  </system-out>
  <testcase name="test5" time="0.002" classname="testNG.Sample11"/>
  <system-out>
Test 5 is pass  </system-out>
  <testcase name="test6" time="0.005" classname="testNG.Sample11"/>
  <system-out>
Test 6 is pass  </system-out>
  <testcase name="test7" time="0.006" classname="testNG.Sample11"/>
  <system-out>
Test 7 is pass  </system-out>
  <testcase name="test2" time="0.003" classname="testNG.Sample11"/>
  <system-out>
Test 2 is pass  </system-out>
</testsuite> <!-- testNG.Sample11 -->
