<?xml version="1.0" encoding="UTF-8"?>
<!-- Generated by org.testng.reporters.JUnitReportReporter -->
<testsuite skipped="0" hostname="LAPTOP-Q8UQAUDS" name="testNG.Sample1" tests="3" failures="0" timestamp="2022-07-20T21:40:54 IST" time="0.031" errors="0">
  <testcase name="TestProfileName" time="0.004" classname="testNG.Sample1"/>
  <system-out>
Profile Name is Matching  </system-out>
  <testcase name="TestLoginPgae" time="0.003" classname="testNG.Sample1"/>
  <system-out>
TestLoginPgae is Pass  </system-out>
  <testcase name="TestHomePage" time="0.024" classname="testNG.Sample1"/>
  <system-out>
Home page is working fine  </system-out>
</testsuite> <!-- testNG.Sample1 -->
