<?xml version="1.0" encoding="UTF-8"?>
<!-- Generated by org.testng.reporters.JUnitReportReporter -->
<testsuite skipped="0" hostname="LAPTOP-Q8UQAUDS" name="testNG.Sample12" tests="4" failures="0" timestamp="2022-08-04T21:28:37 IST" time="0.014" errors="0">
  <testcase name="test9" time="0.006" classname="testNG.Sample12"/>
  <system-out>
Test 9 is pass  </system-out>
  <testcase name="test10" time="0.002" classname="testNG.Sample12"/>
  <system-out>
Test 10 is pass  </system-out>
  <testcase name="test12" time="0.003" classname="testNG.Sample12"/>
  <system-out>
Test 12 is pass  </system-out>
  <testcase name="test8" time="0.003" classname="testNG.Sample12"/>
  <system-out>
Test 8 is pass  </system-out>
</testsuite> <!-- testNG.Sample12 -->
