<?xml version="1.0" encoding="UTF-8"?>
<!-- Generated by org.testng.reporters.JUnitReportReporter -->
<testsuite skipped="2" hostname="LAPTOP-Q8UQAUDS" name="testNG.Sample5" tests="6" failures="0" timestamp="2022-07-23T20:47:32 IST" time="0.039" errors="0">
  <testcase name="test5" time="0.004" classname="testNG.Sample5"/>
  <system-out>
Test 5 is pass  </system-out>
  <testcase name="test4" time="0.001" classname="testNG.Sample5"/>
  <system-out>
Test 4 is pass  </system-out>
  <testcase name="test3" time="0.003" classname="testNG.Sample5"/>
  <system-out>
Test 3 is pass  </system-out>
  <testcase name="test2" time="0.031" classname="testNG.Sample5"/>
  <system-out>
Test 2 is pass  </system-out>
  <testcase name="test1" classname="testNG.Sample5">
    <skipped/>
  </testcase> <!-- test1 -->
  <system-out/>
  <testcase name="test6" classname="testNG.Sample5">
    <skipped/>
  </testcase> <!-- test6 -->
  <system-out/>
</testsuite> <!-- testNG.Sample5 -->
