<?xml version="1.0" encoding="UTF-8"?>
<!-- Generated by org.testng.reporters.JUnitReportReporter -->
<testsuite skipped="0" hostname="LAPTOP-Q8UQAUDS" name="parallel_Testing_testNG.Google" tests="1" failures="0" timestamp="2022-08-04T21:55:24 IST" time="13.308" errors="0">
  <testcase name="OpenChrome" time="13.308" classname="parallel_Testing_testNG.Google"/>
  <system-out/>
</testsuite> <!-- parallel_Testing_testNG.Google -->
