<?xml version="1.0" encoding="UTF-8"?>
<!-- Generated by org.testng.reporters.JUnitReportReporter -->
<testsuite skipped="0" hostname="LAPTOP-Q8UQAUDS" name="parallel_Testing_testNG.Facebook" tests="1" failures="0" timestamp="2022-08-04T21:55:24 IST" time="13.961" errors="0">
  <testcase name="OpenFacebook" time="13.961" classname="parallel_Testing_testNG.Facebook"/>
  <system-out/>
</testsuite> <!-- parallel_Testing_testNG.Facebook -->
