<?xml version="1.0" encoding="UTF-8"?>
<!-- Generated by org.testng.reporters.JUnitReportReporter -->
<testsuite skipped="0" hostname="LAPTOP-Q8UQAUDS" name="Listeners.Sample2" tests="1" failures="0" timestamp="2022-08-18T21:59:27 IST" time="0.027" errors="0">
  <testcase name="test1" time="0.027" classname="Listeners.Sample2"/>
  <system-out/>
</testsuite> <!-- Listeners.Sample2 -->
