<?xml version="1.0" encoding="UTF-8"?>
<!-- Generated by org.testng.reporters.JUnitReportReporter -->
<testsuite skipped="0" hostname="LAPTOP-Q8UQAUDS" name="testNG.Sample2" tests="2" failures="0" timestamp="2022-07-20T21:56:55 IST" time="0.015" errors="0">
  <testcase name="Test2" time="0.002" classname="testNG.Sample2"/>
  <system-out>
Test 2 is pass  </system-out>
  <testcase name="Test" time="0.013" classname="testNG.Sample2"/>
  <system-out>
Test 1 is pass  </system-out>
</testsuite> <!-- testNG.Sample2 -->
