<?xml version="1.0" encoding="UTF-8"?>
<!-- Generated by org.testng.reporters.JUnitReportReporter -->
<testsuite hostname="DESKTOP-M395F3J" failures="0" tests="1" name="Listeners.Sample2" time="0.017" errors="0" timestamp="2022-09-13T11:10:10 IST" skipped="0">
  <testcase classname="Listeners.Sample2" name="test1" time="0.017"/>
  <system-out/>
</testsuite> <!-- Listeners.Sample2 -->
