<?xml version="1.0" encoding="UTF-8"?>
<!-- Generated by org.testng.reporters.JUnitReportReporter -->
<testsuite skipped="0" hostname="LAPTOP-Q8UQAUDS" name="testNG.Sample3" tests="1" failures="0" timestamp="2022-07-21T21:41:03 IST" time="4.785" errors="0">
  <testcase name="Test" time="4.785" classname="testNG.Sample3"/>
  <system-out>
Test Case is Pass  </system-out>
</testsuite> <!-- testNG.Sample3 -->
