<?xml version="1.0" encoding="UTF-8"?>
<!-- Generated by org.testng.reporters.JUnitReportReporter -->
<testsuite skipped="0" hostname="LAPTOP-Q8UQAUDS" name="testNG.Sample4" tests="6" failures="0" timestamp="2022-07-21T22:01:26 IST" time="0.042" errors="0">
  <testcase name="Test2" time="0.027" classname="testNG.Sample4"/>
  <system-out>
Test2 is running  </system-out>
  <testcase name="Test5" time="0.003" classname="testNG.Sample4"/>
  <system-out>
Test5 is running  </system-out>
  <testcase name="Test3" time="0.006" classname="testNG.Sample4"/>
  <system-out>
Test3 is running  </system-out>
  <testcase name="Test6" time="0.002" classname="testNG.Sample4"/>
  <system-out>
Test6 is running  </system-out>
  <testcase name="Test4" time="0.002" classname="testNG.Sample4"/>
  <system-out>
Test4 is running  </system-out>
  <testcase name="Test1" time="0.002" classname="testNG.Sample4"/>
  <system-out>
Test1 is running  </system-out>
</testsuite> <!-- testNG.Sample4 -->
